2009.08.17 13:37 B D:\akinito\web_server\ojj\courses\discrete-math\homework\images\10.5.19.gif <-- pslv /lv-web/ojj/courses/discrete-math/homework/images 10.5.19.gif
2009.08.17 13:37 B D:\akinito\web_server\ojj\courses\discrete-math\homework\images\100fsm-hw01.gif <-- pslv /lv-web/ojj/courses/discrete-math/homework/images 100fsm-hw01.gif
2009.08.17 13:37 B D:\akinito\web_server\ojj\courses\discrete-math\homework\images\100fsm-hw02.gif <-- pslv /lv-web/ojj/courses/discrete-math/homework/images 100fsm-hw02.gif
2009.08.17 13:37 B D:\akinito\web_server\ojj\courses\discrete-math\homework\images\100fsm-hw03.gif <-- pslv /lv-web/ojj/courses/discrete-math/homework/images 100fsm-hw03.gif
2009.08.17 13:37 B D:\akinito\web_server\ojj\courses\discrete-math\homework\images\100fsm-hw04.gif <-- pslv /lv-web/ojj/courses/discrete-math/homework/images 100fsm-hw04.gif
2009.08.17 13:37 B D:\akinito\web_server\ojj\courses\discrete-math\homework\images\100fsm-hw05.gif <-- pslv /lv-web/ojj/courses/discrete-math/homework/images 100fsm-hw05.gif
2009.08.17 13:37 B D:\akinito\web_server\ojj\courses\discrete-math\homework\images\100fsm-hw06.gif <-- pslv /lv-web/ojj/courses/discrete-math/homework/images 100fsm-hw06.gif
2009.08.17 13:37 B D:\akinito\web_server\ojj\courses\discrete-math\homework\images\100fsm-hw07.gif <-- pslv /lv-web/ojj/courses/discrete-math/homework/images 100fsm-hw07.gif
2009.08.17 13:37 B D:\akinito\web_server\ojj\courses\discrete-math\homework\images\100fsm-hw08.gif <-- pslv /lv-web/ojj/courses/discrete-math/homework/images 100fsm-hw08.gif
2009.08.17 13:37 B D:\akinito\web_server\ojj\courses\discrete-math\homework\images\100fsm-hw09.gif <-- pslv /lv-web/ojj/courses/discrete-math/homework/images 100fsm-hw09.gif
2009.08.17 13:37 B D:\akinito\web_server\ojj\courses\discrete-math\homework\images\100fsm-hw10.gif <-- pslv /lv-web/ojj/courses/discrete-math/homework/images 100fsm-hw10.gif
2009.08.17 13:37 B D:\akinito\web_server\ojj\courses\discrete-math\homework\images\100fsm-hw11.gif <-- pslv /lv-web/ojj/courses/discrete-math/homework/images 100fsm-hw11.gif
2009.08.17 13:37 B D:\akinito\web_server\ojj\courses\discrete-math\homework\images\100fsm-hw12.gif <-- pslv /lv-web/ojj/courses/discrete-math/homework/images 100fsm-hw12.gif
2009.08.17 13:37 B D:\akinito\web_server\ojj\courses\discrete-math\homework\images\100fsm-hw13.gif <-- pslv /lv-web/ojj/courses/discrete-math/homework/images 100fsm-hw13.gif
2009.08.17 13:37 B D:\akinito\web_server\ojj\courses\discrete-math\homework\images\100fsm-hw14.gif <-- pslv /lv-web/ojj/courses/discrete-math/homework/images 100fsm-hw14.gif
2009.08.17 13:37 B D:\akinito\web_server\ojj\courses\discrete-math\homework\images\100fsm-hw15.gif <-- pslv /lv-web/ojj/courses/discrete-math/homework/images 100fsm-hw15.gif
2009.08.17 13:37 B D:\akinito\web_server\ojj\courses\discrete-math\homework\images\100fsm-hw16.gif <-- pslv /lv-web/ojj/courses/discrete-math/homework/images 100fsm-hw16.gif
2009.08.17 13:37 B D:\akinito\web_server\ojj\courses\discrete-math\homework\images\100fsm-hw17.gif <-- pslv /lv-web/ojj/courses/discrete-math/homework/images 100fsm-hw17.gif
2009.08.17 13:37 B D:\akinito\web_server\ojj\courses\discrete-math\homework\images\100fsm-hw18.gif <-- pslv /lv-web/ojj/courses/discrete-math/homework/images 100fsm-hw18.gif
2009.08.17 13:37 B D:\akinito\web_server\ojj\courses\discrete-math\homework\images\100fsm-hw19.gif <-- pslv /lv-web/ojj/courses/discrete-math/homework/images 100fsm-hw19.gif
2009.08.17 13:37 B D:\akinito\web_server\ojj\courses\discrete-math\homework\images\100fsm-hw20.gif <-- pslv /lv-web/ojj/courses/discrete-math/homework/images 100fsm-hw20.gif
2009.08.17 13:37 B D:\akinito\web_server\ojj\courses\discrete-math\homework\images\100fsm-hw21.gif <-- pslv /lv-web/ojj/courses/discrete-math/homework/images 100fsm-hw21.gif
2009.08.17 13:37 B D:\akinito\web_server\ojj\courses\discrete-math\homework\images\100fsm-hw22.gif <-- pslv /lv-web/ojj/courses/discrete-math/homework/images 100fsm-hw22.gif
2009.08.17 13:37 B D:\akinito\web_server\ojj\courses\discrete-math\homework\images\100fsm-hw23.gif <-- pslv /lv-web/ojj/courses/discrete-math/homework/images 100fsm-hw23.gif
2009.08.17 13:37 B D:\akinito\web_server\ojj\courses\discrete-math\homework\images\100fsm-hw24.gif <-- pslv /lv-web/ojj/courses/discrete-math/homework/images 100fsm-hw24.gif
2009.08.17 13:37 B D:\akinito\web_server\ojj\courses\discrete-math\homework\images\100fsm-hw25.gif <-- pslv /lv-web/ojj/courses/discrete-math/homework/images 100fsm-hw25.gif
2009.08.17 13:37 B D:\akinito\web_server\ojj\courses\discrete-math\homework\images\100functions-hw01.gif <-- pslv /lv-web/ojj/courses/discrete-math/homework/images 100functions-hw01.gif
2009.08.17 13:37 B D:\akinito\web_server\ojj\courses\discrete-math\homework\images\100graphs-hw01.gif <-- pslv /lv-web/ojj/courses/discrete-math/homework/images 100graphs-hw01.gif
2009.08.17 13:37 B D:\akinito\web_server\ojj\courses\discrete-math\homework\images\100graphs-hw02.gif <-- pslv /lv-web/ojj/courses/discrete-math/homework/images 100graphs-hw02.gif
2009.08.17 13:37 B D:\akinito\web_server\ojj\courses\discrete-math\homework\images\100graphs-hw03.gif <-- pslv /lv-web/ojj/courses/discrete-math/homework/images 100graphs-hw03.gif
2009.08.17 13:37 B D:\akinito\web_server\ojj\courses\discrete-math\homework\images\100graphs-hw04.gif <-- pslv /lv-web/ojj/courses/discrete-math/homework/images 100graphs-hw04.gif
2009.08.17 13:37 B D:\akinito\web_server\ojj\courses\discrete-math\homework\images\100graphs-hw05.gif <-- pslv /lv-web/ojj/courses/discrete-math/homework/images 100graphs-hw05.gif
2009.08.17 13:37 B D:\akinito\web_server\ojj\courses\discrete-math\homework\images\100graphs-hw06.gif <-- pslv /lv-web/ojj/courses/discrete-math/homework/images 100graphs-hw06.gif
2009.08.17 13:37 B D:\akinito\web_server\ojj\courses\discrete-math\homework\images\100graphs-hw07.gif <-- pslv /lv-web/ojj/courses/discrete-math/homework/images 100graphs-hw07.gif
2009.08.17 13:37 B D:\akinito\web_server\ojj\courses\discrete-math\homework\images\100graphs-hw08.gif <-- pslv /lv-web/ojj/courses/discrete-math/homework/images 100graphs-hw08.gif
2009.08.17 13:37 B D:\akinito\web_server\ojj\courses\discrete-math\homework\images\100graphs-hw09.gif <-- pslv /lv-web/ojj/courses/discrete-math/homework/images 100graphs-hw09.gif
2009.08.17 13:37 B D:\akinito\web_server\ojj\courses\discrete-math\homework\images\100graphs-hw10.gif <-- pslv /lv-web/ojj/courses/discrete-math/homework/images 100graphs-hw10.gif
2009.08.17 13:37 B D:\akinito\web_server\ojj\courses\discrete-math\homework\images\100graphs-hw11.gif <-- pslv /lv-web/ojj/courses/discrete-math/homework/images 100graphs-hw11.gif
2009.08.17 13:37 B D:\akinito\web_server\ojj\courses\discrete-math\homework\images\100graphs-hw12.gif <-- pslv /lv-web/ojj/courses/discrete-math/homework/images 100graphs-hw12.gif
2009.08.17 13:37 B D:\akinito\web_server\ojj\courses\discrete-math\homework\images\100graphs-hw13.gif <-- pslv /lv-web/ojj/courses/discrete-math/homework/images 100graphs-hw13.gif
2009.08.17 13:37 B D:\akinito\web_server\ojj\courses\discrete-math\homework\images\100graphs-hw14.gif <-- pslv /lv-web/ojj/courses/discrete-math/homework/images 100graphs-hw14.gif
2009.08.17 13:37 B D:\akinito\web_server\ojj\courses\discrete-math\homework\images\100graphs-hw15.gif <-- pslv /lv-web/ojj/courses/discrete-math/homework/images 100graphs-hw15.gif
2009.08.17 13:37 B D:\akinito\web_server\ojj\courses\discrete-math\homework\images\100graphs-hw16.gif <-- pslv /lv-web/ojj/courses/discrete-math/homework/images 100graphs-hw16.gif
2009.08.17 13:37 B D:\akinito\web_server\ojj\courses\discrete-math\homework\images\100graphs-hw17.gif <-- pslv /lv-web/ojj/courses/discrete-math/homework/images 100graphs-hw17.gif
2009.08.17 13:37 B D:\akinito\web_server\ojj\courses\discrete-math\homework\images\100graphs-hw18.gif <-- pslv /lv-web/ojj/courses/discrete-math/homework/images 100graphs-hw18.gif
2009.08.17 13:37 B D:\akinito\web_server\ojj\courses\discrete-math\homework\images\100graphs-hw19.gif <-- pslv /lv-web/ojj/courses/discrete-math/homework/images 100graphs-hw19.gif
2009.08.17 13:37 B D:\akinito\web_server\ojj\courses\discrete-math\homework\images\100graphs-hw20.gif <-- pslv /lv-web/ojj/courses/discrete-math/homework/images 100graphs-hw20.gif
2009.08.17 13:37 B D:\akinito\web_server\ojj\courses\discrete-math\homework\images\100graphs-hw21.gif <-- pslv /lv-web/ojj/courses/discrete-math/homework/images 100graphs-hw21.gif
2009.08.17 13:37 B D:\akinito\web_server\ojj\courses\discrete-math\homework\images\100graphs-hw22.gif <-- pslv /lv-web/ojj/courses/discrete-math/homework/images 100graphs-hw22.gif
2009.08.17 13:37 B D:\akinito\web_server\ojj\courses\discrete-math\homework\images\100graphs-hw23.gif <-- pslv /lv-web/ojj/courses/discrete-math/homework/images 100graphs-hw23.gif
2009.08.17 13:37 B D:\akinito\web_server\ojj\courses\discrete-math\homework\images\100graphs-hw24.gif <-- pslv /lv-web/ojj/courses/discrete-math/homework/images 100graphs-hw24.gif
2009.08.17 13:37 B D:\akinito\web_server\ojj\courses\discrete-math\homework\images\100graphs-hw25.gif <-- pslv /lv-web/ojj/courses/discrete-math/homework/images 100graphs-hw25.gif
2009.08.17 13:37 B D:\akinito\web_server\ojj\courses\discrete-math\homework\images\100graphs-hw26.gif <-- pslv /lv-web/ojj/courses/discrete-math/homework/images 100graphs-hw26.gif
2009.08.17 13:37 B D:\akinito\web_server\ojj\courses\discrete-math\homework\images\100graphs-hw27.gif <-- pslv /lv-web/ojj/courses/discrete-math/homework/images 100graphs-hw27.gif
2009.08.17 13:37 B D:\akinito\web_server\ojj\courses\discrete-math\homework\images\100graphs-hw28.gif <-- pslv /lv-web/ojj/courses/discrete-math/homework/images 100graphs-hw28.gif
2009.08.17 13:37 B D:\akinito\web_server\ojj\courses\discrete-math\homework\images\100graphs-hw29.gif <-- pslv /lv-web/ojj/courses/discrete-math/homework/images 100graphs-hw29.gif
2009.08.17 13:37 B D:\akinito\web_server\ojj\courses\discrete-math\homework\images\100graphs-hw30.gif <-- pslv /lv-web/ojj/courses/discrete-math/homework/images 100graphs-hw30.gif
2009.08.17 13:37 B D:\akinito\web_server\ojj\courses\discrete-math\homework\images\100graphs-hw31.gif <-- pslv /lv-web/ojj/courses/discrete-math/homework/images 100graphs-hw31.gif
2009.08.17 13:37 B D:\akinito\web_server\ojj\courses\discrete-math\homework\images\100graphs-hw32.gif <-- pslv /lv-web/ojj/courses/discrete-math/homework/images 100graphs-hw32.gif
2009.08.17 13:37 B D:\akinito\web_server\ojj\courses\discrete-math\homework\images\100graphs-hw33.gif <-- pslv /lv-web/ojj/courses/discrete-math/homework/images 100graphs-hw33.gif
2009.08.17 13:37 B D:\akinito\web_server\ojj\courses\discrete-math\homework\images\100graphs-hw34.gif <-- pslv /lv-web/ojj/courses/discrete-math/homework/images 100graphs-hw34.gif
2009.08.17 13:37 B D:\akinito\web_server\ojj\courses\discrete-math\homework\images\100graphs-hw35.gif <-- pslv /lv-web/ojj/courses/discrete-math/homework/images 100graphs-hw35.gif
2009.08.17 13:37 B D:\akinito\web_server\ojj\courses\discrete-math\homework\images\100graphs-hw36.gif <-- pslv /lv-web/ojj/courses/discrete-math/homework/images 100graphs-hw36.gif
2009.08.17 13:37 B D:\akinito\web_server\ojj\courses\discrete-math\homework\images\100graphs-hw37.gif <-- pslv /lv-web/ojj/courses/discrete-math/homework/images 100graphs-hw37.gif
2009.08.17 13:37 B D:\akinito\web_server\ojj\courses\discrete-math\homework\images\100graphs-hw38.gif <-- pslv /lv-web/ojj/courses/discrete-math/homework/images 100graphs-hw38.gif
2009.08.17 13:37 B D:\akinito\web_server\ojj\courses\discrete-math\homework\images\100graphs-hw39.gif <-- pslv /lv-web/ojj/courses/discrete-math/homework/images 100graphs-hw39.gif
2009.08.17 13:37 B D:\akinito\web_server\ojj\courses\discrete-math\homework\images\100graphs-hw4.gif <-- pslv /lv-web/ojj/courses/discrete-math/homework/images 100graphs-hw4.gif
2009.08.17 13:37 B D:\akinito\web_server\ojj\courses\discrete-math\homework\images\100graphs-hw40.gif <-- pslv /lv-web/ojj/courses/discrete-math/homework/images 100graphs-hw40.gif
2009.08.17 13:37 B D:\akinito\web_server\ojj\courses\discrete-math\homework\images\100graphs-hw41.gif <-- pslv /lv-web/ojj/courses/discrete-math/homework/images 100graphs-hw41.gif
2009.08.17 13:37 B D:\akinito\web_server\ojj\courses\discrete-math\homework\images\100graphs-hw42.gif <-- pslv /lv-web/ojj/courses/discrete-math/homework/images 100graphs-hw42.gif
2009.08.17 13:37 B D:\akinito\web_server\ojj\courses\discrete-math\homework\images\100relations-hw01.gif <-- pslv /lv-web/ojj/courses/discrete-math/homework/images 100relations-hw01.gif
2009.08.17 13:37 B D:\akinito\web_server\ojj\courses\discrete-math\homework\images\100relations-hw02.gif <-- pslv /lv-web/ojj/courses/discrete-math/homework/images 100relations-hw02.gif
2009.08.17 13:37 B D:\akinito\web_server\ojj\courses\discrete-math\homework\images\100relations-hw03.gif <-- pslv /lv-web/ojj/courses/discrete-math/homework/images 100relations-hw03.gif
2009.08.17 13:37 B D:\akinito\web_server\ojj\courses\discrete-math\homework\images\100relations-hw04.gif <-- pslv /lv-web/ojj/courses/discrete-math/homework/images 100relations-hw04.gif
2009.08.17 13:37 B D:\akinito\web_server\ojj\courses\discrete-math\homework\images\100relations-hw05.gif <-- pslv /lv-web/ojj/courses/discrete-math/homework/images 100relations-hw05.gif
2009.08.17 13:37 B D:\akinito\web_server\ojj\courses\discrete-math\homework\images\100relations-hw06.gif <-- pslv /lv-web/ojj/courses/discrete-math/homework/images 100relations-hw06.gif
2009.08.17 13:37 B D:\akinito\web_server\ojj\courses\discrete-math\homework\images\100relations-hw07.gif <-- pslv /lv-web/ojj/courses/discrete-math/homework/images 100relations-hw07.gif
2009.08.17 13:37 B D:\akinito\web_server\ojj\courses\discrete-math\homework\images\100relations-hw08.gif <-- pslv /lv-web/ojj/courses/discrete-math/homework/images 100relations-hw08.gif
2009.08.17 13:37 B D:\akinito\web_server\ojj\courses\discrete-math\homework\images\100relations-hw09.gif <-- pslv /lv-web/ojj/courses/discrete-math/homework/images 100relations-hw09.gif
2009.08.17 13:37 B D:\akinito\web_server\ojj\courses\discrete-math\homework\images\100relations-hw10.gif <-- pslv /lv-web/ojj/courses/discrete-math/homework/images 100relations-hw10.gif
2009.08.17 13:37 B D:\akinito\web_server\ojj\courses\discrete-math\homework\images\100relations-hw11.gif <-- pslv /lv-web/ojj/courses/discrete-math/homework/images 100relations-hw11.gif
2009.08.17 13:37 B D:\akinito\web_server\ojj\courses\discrete-math\homework\images\100relations-hw12.gif <-- pslv /lv-web/ojj/courses/discrete-math/homework/images 100relations-hw12.gif
2009.08.17 13:37 B D:\akinito\web_server\ojj\courses\discrete-math\homework\images\100relations-hw13.gif <-- pslv /lv-web/ojj/courses/discrete-math/homework/images 100relations-hw13.gif
2009.08.17 13:37 B D:\akinito\web_server\ojj\courses\discrete-math\homework\images\100relations-hw14.gif <-- pslv /lv-web/ojj/courses/discrete-math/homework/images 100relations-hw14.gif
2009.08.17 13:37 B D:\akinito\web_server\ojj\courses\discrete-math\homework\images\100relations-hw15.gif <-- pslv /lv-web/ojj/courses/discrete-math/homework/images 100relations-hw15.gif
2009.08.17 13:37 B D:\akinito\web_server\ojj\courses\discrete-math\homework\images\100relations-hw16.gif <-- pslv /lv-web/ojj/courses/discrete-math/homework/images 100relations-hw16.gif
2009.08.17 13:37 B D:\akinito\web_server\ojj\courses\discrete-math\homework\images\100relations-hw17.gif <-- pslv /lv-web/ojj/courses/discrete-math/homework/images 100relations-hw17.gif
2009.08.17 13:37 B D:\akinito\web_server\ojj\courses\discrete-math\homework\images\100relations-hw18.gif <-- pslv /lv-web/ojj/courses/discrete-math/homework/images 100relations-hw18.gif
2009.08.17 13:37 B D:\akinito\web_server\ojj\courses\discrete-math\homework\images\100relations-hw19.gif <-- pslv /lv-web/ojj/courses/discrete-math/homework/images 100relations-hw19.gif
2009.08.17 13:37 B D:\akinito\web_server\ojj\courses\discrete-math\homework\images\100relations-hw20.gif <-- pslv /lv-web/ojj/courses/discrete-math/homework/images 100relations-hw20.gif
2009.08.17 13:37 B D:\akinito\web_server\ojj\courses\discrete-math\homework\images\100relations-hw21.gif <-- pslv /lv-web/ojj/courses/discrete-math/homework/images 100relations-hw21.gif
2009.08.17 13:37 B D:\akinito\web_server\ojj\courses\discrete-math\homework\images\100relations-hw22.gif <-- pslv /lv-web/ojj/courses/discrete-math/homework/images 100relations-hw22.gif
2009.08.17 13:37 B D:\akinito\web_server\ojj\courses\discrete-math\homework\images\100relations-hw23.gif <-- pslv /lv-web/ojj/courses/discrete-math/homework/images 100relations-hw23.gif
2009.08.17 13:37 B D:\akinito\web_server\ojj\courses\discrete-math\homework\images\100relations-hw24.gif <-- pslv /lv-web/ojj/courses/discrete-math/homework/images 100relations-hw24.gif
2009.08.17 13:37 B D:\akinito\web_server\ojj\courses\discrete-math\homework\images\100relations-hw25.gif <-- pslv /lv-web/ojj/courses/discrete-math/homework/images 100relations-hw25.gif
2009.08.17 13:37 B D:\akinito\web_server\ojj\courses\discrete-math\homework\images\100relations-hw26.gif <-- pslv /lv-web/ojj/courses/discrete-math/homework/images 100relations-hw26.gif
2009.08.17 13:37 B D:\akinito\web_server\ojj\courses\discrete-math\homework\images\100relations-hw27.gif <-- pslv /lv-web/ojj/courses/discrete-math/homework/images 100relations-hw27.gif
2009.08.17 13:37 B D:\akinito\web_server\ojj\courses\discrete-math\homework\images\100relations-hw28.gif <-- pslv /lv-web/ojj/courses/discrete-math/homework/images 100relations-hw28.gif
2009.08.17 13:37 B D:\akinito\web_server\ojj\courses\discrete-math\homework\images\100relations-hw29.gif <-- pslv /lv-web/ojj/courses/discrete-math/homework/images 100relations-hw29.gif
2009.08.17 13:37 B D:\akinito\web_server\ojj\courses\discrete-math\homework\images\100sets-hw01.gif <-- pslv /lv-web/ojj/courses/discrete-math/homework/images 100sets-hw01.gif
2009.08.17 13:37 B D:\akinito\web_server\ojj\courses\discrete-math\homework\images\100sets-hw02.gif <-- pslv /lv-web/ojj/courses/discrete-math/homework/images 100sets-hw02.gif
2009.08.17 13:37 B D:\akinito\web_server\ojj\courses\discrete-math\homework\images\100sets-hw03.gif <-- pslv /lv-web/ojj/courses/discrete-math/homework/images 100sets-hw03.gif
2009.08.17 13:37 B D:\akinito\web_server\ojj\courses\discrete-math\homework\images\100sets-hw04.gif <-- pslv /lv-web/ojj/courses/discrete-math/homework/images 100sets-hw04.gif
2009.08.17 13:37 B D:\akinito\web_server\ojj\courses\discrete-math\homework\images\100sets-hw05.gif <-- pslv /lv-web/ojj/courses/discrete-math/homework/images 100sets-hw05.gif
2009.08.17 13:37 B D:\akinito\web_server\ojj\courses\discrete-math\homework\images\100trees-hw01.gif <-- pslv /lv-web/ojj/courses/discrete-math/homework/images 100trees-hw01.gif
2009.08.17 13:37 B D:\akinito\web_server\ojj\courses\discrete-math\homework\images\100trees-hw02.gif <-- pslv /lv-web/ojj/courses/discrete-math/homework/images 100trees-hw02.gif
2009.08.17 13:37 B D:\akinito\web_server\ojj\courses\discrete-math\homework\images\100trees-hw03.gif <-- pslv /lv-web/ojj/courses/discrete-math/homework/images 100trees-hw03.gif
2009.08.17 13:37 B D:\akinito\web_server\ojj\courses\discrete-math\homework\images\100trees-hw04.gif <-- pslv /lv-web/ojj/courses/discrete-math/homework/images 100trees-hw04.gif
2009.08.17 13:37 B D:\akinito\web_server\ojj\courses\discrete-math\homework\images\100trees-hw05.gif <-- pslv /lv-web/ojj/courses/discrete-math/homework/images 100trees-hw05.gif
2009.08.17 13:37 B D:\akinito\web_server\ojj\courses\discrete-math\homework\images\100trees-hw06.gif <-- pslv /lv-web/ojj/courses/discrete-math/homework/images 100trees-hw06.gif
2009.08.17 13:37 B D:\akinito\web_server\ojj\courses\discrete-math\homework\images\100trees-hw07.gif <-- pslv /lv-web/ojj/courses/discrete-math/homework/images 100trees-hw07.gif
2009.08.17 13:37 B D:\akinito\web_server\ojj\courses\discrete-math\homework\images\100trees-hw08.gif <-- pslv /lv-web/ojj/courses/discrete-math/homework/images 100trees-hw08.gif
2009.08.17 13:37 B D:\akinito\web_server\ojj\courses\discrete-math\homework\images\100trees-hw09.gif <-- pslv /lv-web/ojj/courses/discrete-math/homework/images 100trees-hw09.gif
2009.08.17 13:37 B D:\akinito\web_server\ojj\courses\discrete-math\homework\images\100trees-hw10.gif <-- pslv /lv-web/ojj/courses/discrete-math/homework/images 100trees-hw10.gif
2009.08.17 13:37 B D:\akinito\web_server\ojj\courses\discrete-math\homework\images\100trees-hw11.gif <-- pslv /lv-web/ojj/courses/discrete-math/homework/images 100trees-hw11.gif
2009.08.17 13:37 B D:\akinito\web_server\ojj\courses\discrete-math\homework\images\100trees-hw12.gif <-- pslv /lv-web/ojj/courses/discrete-math/homework/images 100trees-hw12.gif
2009.08.17 13:37 B D:\akinito\web_server\ojj\courses\discrete-math\homework\images\100trees-hw13.gif <-- pslv /lv-web/ojj/courses/discrete-math/homework/images 100trees-hw13.gif
2009.08.17 13:37 B D:\akinito\web_server\ojj\courses\discrete-math\homework\images\100trees-hw14.gif <-- pslv /lv-web/ojj/courses/discrete-math/homework/images 100trees-hw14.gif
2009.08.17 13:37 B D:\akinito\web_server\ojj\courses\discrete-math\homework\images\100trees-hw15.gif <-- pslv /lv-web/ojj/courses/discrete-math/homework/images 100trees-hw15.gif
2009.08.17 13:37 B D:\akinito\web_server\ojj\courses\discrete-math\homework\images\100trees-hw16.gif <-- pslv /lv-web/ojj/courses/discrete-math/homework/images 100trees-hw16.gif
2009.08.17 13:37 B D:\akinito\web_server\ojj\courses\discrete-math\homework\images\100trees-hw17.gif <-- pslv /lv-web/ojj/courses/discrete-math/homework/images 100trees-hw17.gif
2009.08.17 13:37 B D:\akinito\web_server\ojj\courses\discrete-math\homework\images\100trees-hw18.gif <-- pslv /lv-web/ojj/courses/discrete-math/homework/images 100trees-hw18.gif
2009.08.17 13:37 B D:\akinito\web_server\ojj\courses\discrete-math\homework\images\100trees-hw19.gif <-- pslv /lv-web/ojj/courses/discrete-math/homework/images 100trees-hw19.gif
2009.08.17 13:37 B D:\akinito\web_server\ojj\courses\discrete-math\homework\images\100trees-hw20.gif <-- pslv /lv-web/ojj/courses/discrete-math/homework/images 100trees-hw20.gif
2009.08.17 13:37 B D:\akinito\web_server\ojj\courses\discrete-math\homework\images\100trees-hw21.gif <-- pslv /lv-web/ojj/courses/discrete-math/homework/images 100trees-hw21.gif
2009.08.17 13:37 B D:\akinito\web_server\ojj\courses\discrete-math\homework\images\100trees-hw22.gif <-- pslv /lv-web/ojj/courses/discrete-math/homework/images 100trees-hw22.gif
2009.08.17 13:37 B D:\akinito\web_server\ojj\courses\discrete-math\homework\images\100trees-hw23.gif <-- pslv /lv-web/ojj/courses/discrete-math/homework/images 100trees-hw23.gif
2009.08.17 13:37 B D:\akinito\web_server\ojj\courses\discrete-math\homework\images\100trees-hw24.gif <-- pslv /lv-web/ojj/courses/discrete-math/homework/images 100trees-hw24.gif
2009.08.17 13:37 B D:\akinito\web_server\ojj\courses\discrete-math\homework\images\100trees-hw25.gif <-- pslv /lv-web/ojj/courses/discrete-math/homework/images 100trees-hw25.gif
2009.08.17 13:37 B D:\akinito\web_server\ojj\courses\discrete-math\homework\images\100trees-hw26.gif <-- pslv /lv-web/ojj/courses/discrete-math/homework/images 100trees-hw26.gif
2009.08.17 13:37 B D:\akinito\web_server\ojj\courses\discrete-math\homework\images\100trees-hw27.gif <-- pslv /lv-web/ojj/courses/discrete-math/homework/images 100trees-hw27.gif
2009.08.17 13:37 B D:\akinito\web_server\ojj\courses\discrete-math\homework\images\100trees-hw28.gif <-- pslv /lv-web/ojj/courses/discrete-math/homework/images 100trees-hw28.gif
2009.08.17 13:37 B D:\akinito\web_server\ojj\courses\discrete-math\homework\images\bridges.jpg <-- pslv /lv-web/ojj/courses/discrete-math/homework/images bridges.jpg
2009.08.17 13:37 B D:\akinito\web_server\ojj\courses\discrete-math\homework\images\usa-map.gif <-- pslv /lv-web/ojj/courses/discrete-math/homework/images usa-map.gif
2009.08.17 13:37 B D:\akinito\web_server\ojj\courses\discrete-math\homework\images\usa-map.jpg <-- pslv /lv-web/ojj/courses/discrete-math/homework/images usa-map.jpg
