2009.08.17 13:35 B D:\akinito\web_server\ojj\courses\discrete-math\topics\images\100adder.gif <-- pslv /lv-web/ojj/courses/discrete-math/topics/images 100adder.gif
2009.08.17 13:35 B D:\akinito\web_server\ojj\courses\discrete-math\topics\images\100bigO1.gif <-- pslv /lv-web/ojj/courses/discrete-math/topics/images 100bigO1.gif
2009.08.17 13:35 B D:\akinito\web_server\ojj\courses\discrete-math\topics\images\100bigO2.gif <-- pslv /lv-web/ojj/courses/discrete-math/topics/images 100bigO2.gif
2009.08.17 13:35 B D:\akinito\web_server\ojj\courses\discrete-math\topics\images\100bijection.gif <-- pslv /lv-web/ojj/courses/discrete-math/topics/images 100bijection.gif
2009.08.17 13:35 B D:\akinito\web_server\ojj\courses\discrete-math\topics\images\100bipartite.gif <-- pslv /lv-web/ojj/courses/discrete-math/topics/images 100bipartite.gif
2009.08.17 13:35 B D:\akinito\web_server\ojj\courses\discrete-math\topics\images\100bottom-up.gif <-- pslv /lv-web/ojj/courses/discrete-math/topics/images 100bottom-up.gif
2009.08.17 13:35 B D:\akinito\web_server\ojj\courses\discrete-math\topics\images\100c3c4.gif <-- pslv /lv-web/ojj/courses/discrete-math/topics/images 100c3c4.gif
2009.08.17 13:35 B D:\akinito\web_server\ojj\courses\discrete-math\topics\images\100c5.gif <-- pslv /lv-web/ojj/courses/discrete-math/topics/images 100c5.gif
2009.08.17 13:35 B D:\akinito\web_server\ojj\courses\discrete-math\topics\images\100c6.gif <-- pslv /lv-web/ojj/courses/discrete-math/topics/images 100c6.gif
2009.08.17 13:35 B D:\akinito\web_server\ojj\courses\discrete-math\topics\images\100collection-intersection.gif <-- pslv /lv-web/ojj/courses/discrete-math/topics/images 100collection-intersection.gif
2009.08.17 13:35 B D:\akinito\web_server\ojj\courses\discrete-math\topics\images\100collection-union.gif <-- pslv /lv-web/ojj/courses/discrete-math/topics/images 100collection-union.gif
2009.08.17 13:35 B D:\akinito\web_server\ojj\courses\discrete-math\topics\images\100colors.gif <-- pslv /lv-web/ojj/courses/discrete-math/topics/images 100colors.gif
2009.08.17 13:35 B D:\akinito\web_server\ojj\courses\discrete-math\topics\images\100complement.gif <-- pslv /lv-web/ojj/courses/discrete-math/topics/images 100complement.gif
2009.08.17 13:35 B D:\akinito\web_server\ojj\courses\discrete-math\topics\images\100composition.gif <-- pslv /lv-web/ojj/courses/discrete-math/topics/images 100composition.gif
2009.08.17 13:35 B D:\akinito\web_server\ojj\courses\discrete-math\topics\images\100counterfeit.gif <-- pslv /lv-web/ojj/courses/discrete-math/topics/images 100counterfeit.gif
2009.08.17 13:35 B D:\akinito\web_server\ojj\courses\discrete-math\topics\images\100derivation-tree1.gif <-- pslv /lv-web/ojj/courses/discrete-math/topics/images 100derivation-tree1.gif
2009.08.17 13:35 B D:\akinito\web_server\ojj\courses\discrete-math\topics\images\100derivation-tree2.gif <-- pslv /lv-web/ojj/courses/discrete-math/topics/images 100derivation-tree2.gif
2009.08.17 13:35 B D:\akinito\web_server\ojj\courses\discrete-math\topics\images\100derivation-tree3.gif <-- pslv /lv-web/ojj/courses/discrete-math/topics/images 100derivation-tree3.gif
2009.08.17 13:35 B D:\akinito\web_server\ojj\courses\discrete-math\topics\images\100dfsa.gif <-- pslv /lv-web/ojj/courses/discrete-math/topics/images 100dfsa.gif
2009.08.17 13:35 B D:\akinito\web_server\ojj\courses\discrete-math\topics\images\100dfsa1.gif <-- pslv /lv-web/ojj/courses/discrete-math/topics/images 100dfsa1.gif
2009.08.17 13:35 B D:\akinito\web_server\ojj\courses\discrete-math\topics\images\100difference.gif <-- pslv /lv-web/ojj/courses/discrete-math/topics/images 100difference.gif
2009.08.17 13:35 B D:\akinito\web_server\ojj\courses\discrete-math\topics\images\100digraph-reln.gif <-- pslv /lv-web/ojj/courses/discrete-math/topics/images 100digraph-reln.gif
2009.08.17 13:35 B D:\akinito\web_server\ojj\courses\discrete-math\topics\images\100digraph.gif <-- pslv /lv-web/ojj/courses/discrete-math/topics/images 100digraph.gif
2009.08.17 13:35 B D:\akinito\web_server\ojj\courses\discrete-math\topics\images\100dimultigraph.gif <-- pslv /lv-web/ojj/courses/discrete-math/topics/images 100dimultigraph.gif
2009.08.17 13:35 B D:\akinito\web_server\ojj\courses\discrete-math\topics\images\100disjoint.gif <-- pslv /lv-web/ojj/courses/discrete-math/topics/images 100disjoint.gif
2009.08.17 13:35 B D:\akinito\web_server\ojj\courses\discrete-math\topics\images\100expression.gif <-- pslv /lv-web/ojj/courses/discrete-math/topics/images 100expression.gif
2009.08.17 13:35 B D:\akinito\web_server\ojj\courses\discrete-math\topics\images\100flatten.gif <-- pslv /lv-web/ojj/courses/discrete-math/topics/images 100flatten.gif
2009.08.17 13:35 B D:\akinito\web_server\ojj\courses\discrete-math\topics\images\100full-binary.gif <-- pslv /lv-web/ojj/courses/discrete-math/topics/images 100full-binary.gif
2009.08.17 13:35 B D:\akinito\web_server\ojj\courses\discrete-math\topics\images\100function.gif <-- pslv /lv-web/ojj/courses/discrete-math/topics/images 100function.gif
2009.08.17 13:35 B D:\akinito\web_server\ojj\courses\discrete-math\topics\images\100globe.gif <-- pslv /lv-web/ojj/courses/discrete-math/topics/images 100globe.gif
2009.08.17 13:35 B D:\akinito\web_server\ojj\courses\discrete-math\topics\images\100graph-union.gif <-- pslv /lv-web/ojj/courses/discrete-math/topics/images 100graph-union.gif
2009.08.17 13:35 B D:\akinito\web_server\ojj\courses\discrete-math\topics\images\100graph.gif <-- pslv /lv-web/ojj/courses/discrete-math/topics/images 100graph.gif
2009.08.17 13:35 B D:\akinito\web_server\ojj\courses\discrete-math\topics\images\100hamilton.gif <-- pslv /lv-web/ojj/courses/discrete-math/topics/images 100hamilton.gif
2009.08.17 13:35 B D:\akinito\web_server\ojj\courses\discrete-math\topics\images\100hanoi-final.gif <-- pslv /lv-web/ojj/courses/discrete-math/topics/images 100hanoi-final.gif
2009.08.17 13:35 B D:\akinito\web_server\ojj\courses\discrete-math\topics\images\100hanoi-initial.gif <-- pslv /lv-web/ojj/courses/discrete-math/topics/images 100hanoi-initial.gif
2009.08.17 13:35 B D:\akinito\web_server\ojj\courses\discrete-math\topics\images\100hanoi0.gif <-- pslv /lv-web/ojj/courses/discrete-math/topics/images 100hanoi0.gif
2009.08.17 13:35 B D:\akinito\web_server\ojj\courses\discrete-math\topics\images\100hanoi1.gif <-- pslv /lv-web/ojj/courses/discrete-math/topics/images 100hanoi1.gif
2009.08.17 13:35 B D:\akinito\web_server\ojj\courses\discrete-math\topics\images\100hanoi2.gif <-- pslv /lv-web/ojj/courses/discrete-math/topics/images 100hanoi2.gif
2009.08.17 13:35 B D:\akinito\web_server\ojj\courses\discrete-math\topics\images\100hanoi3.gif <-- pslv /lv-web/ojj/courses/discrete-math/topics/images 100hanoi3.gif
2009.08.17 13:35 B D:\akinito\web_server\ojj\courses\discrete-math\topics\images\100hanoi4.gif <-- pslv /lv-web/ojj/courses/discrete-math/topics/images 100hanoi4.gif
2009.08.17 13:35 B D:\akinito\web_server\ojj\courses\discrete-math\topics\images\100hanoi5.gif <-- pslv /lv-web/ojj/courses/discrete-math/topics/images 100hanoi5.gif
2009.08.17 13:35 B D:\akinito\web_server\ojj\courses\discrete-math\topics\images\100hanoi6.gif <-- pslv /lv-web/ojj/courses/discrete-math/topics/images 100hanoi6.gif
2009.08.17 13:35 B D:\akinito\web_server\ojj\courses\discrete-math\topics\images\100hanoi7.gif <-- pslv /lv-web/ojj/courses/discrete-math/topics/images 100hanoi7.gif
2009.08.17 13:35 B D:\akinito\web_server\ojj\courses\discrete-math\topics\images\100hasse-minmax.gif <-- pslv /lv-web/ojj/courses/discrete-math/topics/images 100hasse-minmax.gif
2009.08.17 13:35 B D:\akinito\web_server\ojj\courses\discrete-math\topics\images\100hasse1.gif <-- pslv /lv-web/ojj/courses/discrete-math/topics/images 100hasse1.gif
2009.08.17 13:35 B D:\akinito\web_server\ojj\courses\discrete-math\topics\images\100hasse2.gif <-- pslv /lv-web/ojj/courses/discrete-math/topics/images 100hasse2.gif
2009.08.17 13:35 B D:\akinito\web_server\ojj\courses\discrete-math\topics\images\100hasse3.gif <-- pslv /lv-web/ojj/courses/discrete-math/topics/images 100hasse3.gif
2009.08.17 13:35 B D:\akinito\web_server\ojj\courses\discrete-math\topics\images\100hasse4.gif <-- pslv /lv-web/ojj/courses/discrete-math/topics/images 100hasse4.gif
2009.08.17 13:35 B D:\akinito\web_server\ojj\courses\discrete-math\topics\images\100huffman1.gif <-- pslv /lv-web/ojj/courses/discrete-math/topics/images 100huffman1.gif
2009.08.17 13:35 B D:\akinito\web_server\ojj\courses\discrete-math\topics\images\100huffman2.gif <-- pslv /lv-web/ojj/courses/discrete-math/topics/images 100huffman2.gif
2009.08.17 13:35 B D:\akinito\web_server\ojj\courses\discrete-math\topics\images\100huffman3.gif <-- pslv /lv-web/ojj/courses/discrete-math/topics/images 100huffman3.gif
2009.08.17 13:35 B D:\akinito\web_server\ojj\courses\discrete-math\topics\images\100injection.gif <-- pslv /lv-web/ojj/courses/discrete-math/topics/images 100injection.gif
2009.08.17 13:35 B D:\akinito\web_server\ojj\courses\discrete-math\topics\images\100inorder1.gif <-- pslv /lv-web/ojj/courses/discrete-math/topics/images 100inorder1.gif
2009.08.17 13:35 B D:\akinito\web_server\ojj\courses\discrete-math\topics\images\100inorder2.gif <-- pslv /lv-web/ojj/courses/discrete-math/topics/images 100inorder2.gif
2009.08.17 13:35 B D:\akinito\web_server\ojj\courses\discrete-math\topics\images\100intersection.gif <-- pslv /lv-web/ojj/courses/discrete-math/topics/images 100intersection.gif
2009.08.17 13:35 B D:\akinito\web_server\ojj\courses\discrete-math\topics\images\100intopost01.gif <-- pslv /lv-web/ojj/courses/discrete-math/topics/images 100intopost01.gif
2009.08.17 13:35 B D:\akinito\web_server\ojj\courses\discrete-math\topics\images\100intopost02.gif <-- pslv /lv-web/ojj/courses/discrete-math/topics/images 100intopost02.gif
2009.08.17 13:35 B D:\akinito\web_server\ojj\courses\discrete-math\topics\images\100intopost03.gif <-- pslv /lv-web/ojj/courses/discrete-math/topics/images 100intopost03.gif
2009.08.17 13:35 B D:\akinito\web_server\ojj\courses\discrete-math\topics\images\100intopost04.gif <-- pslv /lv-web/ojj/courses/discrete-math/topics/images 100intopost04.gif
2009.08.17 13:35 B D:\akinito\web_server\ojj\courses\discrete-math\topics\images\100intopost05.gif <-- pslv /lv-web/ojj/courses/discrete-math/topics/images 100intopost05.gif
2009.08.17 13:35 B D:\akinito\web_server\ojj\courses\discrete-math\topics\images\100intopost06.gif <-- pslv /lv-web/ojj/courses/discrete-math/topics/images 100intopost06.gif
2009.08.17 13:35 B D:\akinito\web_server\ojj\courses\discrete-math\topics\images\100intopost07.gif <-- pslv /lv-web/ojj/courses/discrete-math/topics/images 100intopost07.gif
2009.08.17 13:35 B D:\akinito\web_server\ojj\courses\discrete-math\topics\images\100intopost08.gif <-- pslv /lv-web/ojj/courses/discrete-math/topics/images 100intopost08.gif
2009.08.17 13:35 B D:\akinito\web_server\ojj\courses\discrete-math\topics\images\100intopost09.gif <-- pslv /lv-web/ojj/courses/discrete-math/topics/images 100intopost09.gif
2009.08.17 13:35 B D:\akinito\web_server\ojj\courses\discrete-math\topics\images\100intopost10.gif <-- pslv /lv-web/ojj/courses/discrete-math/topics/images 100intopost10.gif
2009.08.17 13:35 B D:\akinito\web_server\ojj\courses\discrete-math\topics\images\100intopost11.gif <-- pslv /lv-web/ojj/courses/discrete-math/topics/images 100intopost11.gif
2009.08.17 13:35 B D:\akinito\web_server\ojj\courses\discrete-math\topics\images\100intopost12.gif <-- pslv /lv-web/ojj/courses/discrete-math/topics/images 100intopost12.gif
2009.08.17 13:35 B D:\akinito\web_server\ojj\courses\discrete-math\topics\images\100intopost13.gif <-- pslv /lv-web/ojj/courses/discrete-math/topics/images 100intopost13.gif
2009.08.17 13:35 B D:\akinito\web_server\ojj\courses\discrete-math\topics\images\100intopost14.gif <-- pslv /lv-web/ojj/courses/discrete-math/topics/images 100intopost14.gif
2009.08.17 13:35 B D:\akinito\web_server\ojj\courses\discrete-math\topics\images\100intopost15.gif <-- pslv /lv-web/ojj/courses/discrete-math/topics/images 100intopost15.gif
2009.08.17 13:35 B D:\akinito\web_server\ojj\courses\discrete-math\topics\images\100intopost16.gif <-- pslv /lv-web/ojj/courses/discrete-math/topics/images 100intopost16.gif
2009.08.17 13:35 B D:\akinito\web_server\ojj\courses\discrete-math\topics\images\100inverse-function.gif <-- pslv /lv-web/ojj/courses/discrete-math/topics/images 100inverse-function.gif
2009.08.17 13:35 B D:\akinito\web_server\ojj\courses\discrete-math\topics\images\100isomorphic.gif <-- pslv /lv-web/ojj/courses/discrete-math/topics/images 100isomorphic.gif
2009.08.17 13:35 B D:\akinito\web_server\ojj\courses\discrete-math\topics\images\100k2k3k4.gif <-- pslv /lv-web/ojj/courses/discrete-math/topics/images 100k2k3k4.gif
2009.08.17 13:35 B D:\akinito\web_server\ojj\courses\discrete-math\topics\images\100k5.gif <-- pslv /lv-web/ojj/courses/discrete-math/topics/images 100k5.gif
2009.08.17 13:35 B D:\akinito\web_server\ojj\courses\discrete-math\topics\images\100k6.gif <-- pslv /lv-web/ojj/courses/discrete-math/topics/images 100k6.gif
2009.08.17 13:35 B D:\akinito\web_server\ojj\courses\discrete-math\topics\images\100ll.gif <-- pslv /lv-web/ojj/courses/discrete-math/topics/images 100ll.gif
2009.08.17 13:35 B D:\akinito\web_server\ojj\courses\discrete-math\topics\images\100lr.gif <-- pslv /lv-web/ojj/courses/discrete-math/topics/images 100lr.gif
2009.08.17 13:35 B D:\akinito\web_server\ojj\courses\discrete-math\topics\images\100mortgage.gif <-- pslv /lv-web/ojj/courses/discrete-math/topics/images 100mortgage.gif
2009.08.17 13:35 B D:\akinito\web_server\ojj\courses\discrete-math\topics\images\100multigraph.gif <-- pslv /lv-web/ojj/courses/discrete-math/topics/images 100multigraph.gif
2009.08.17 13:35 B D:\akinito\web_server\ojj\courses\discrete-math\topics\images\100ndfsa.gif <-- pslv /lv-web/ojj/courses/discrete-math/topics/images 100ndfsa.gif
2009.08.17 13:35 B D:\akinito\web_server\ojj\courses\discrete-math\topics\images\100ndfsa1.gif <-- pslv /lv-web/ojj/courses/discrete-math/topics/images 100ndfsa1.gif
2009.08.17 13:35 B D:\akinito\web_server\ojj\courses\discrete-math\topics\images\100ndfsa2.gif <-- pslv /lv-web/ojj/courses/discrete-math/topics/images 100ndfsa2.gif
2009.08.17 13:35 B D:\akinito\web_server\ojj\courses\discrete-math\topics\images\100ndfsa3.gif <-- pslv /lv-web/ojj/courses/discrete-math/topics/images 100ndfsa3.gif
2009.08.17 13:35 B D:\akinito\web_server\ojj\courses\discrete-math\topics\images\100ndfsa4.gif <-- pslv /lv-web/ojj/courses/discrete-math/topics/images 100ndfsa4.gif
2009.08.17 13:35 B D:\akinito\web_server\ojj\courses\discrete-math\topics\images\100ndfsa5.gif <-- pslv /lv-web/ojj/courses/discrete-math/topics/images 100ndfsa5.gif
2009.08.17 13:35 B D:\akinito\web_server\ojj\courses\discrete-math\topics\images\100ndfsa6.gif <-- pslv /lv-web/ojj/courses/discrete-math/topics/images 100ndfsa6.gif
2009.08.17 13:35 B D:\akinito\web_server\ojj\courses\discrete-math\topics\images\100ndfsa7.gif <-- pslv /lv-web/ojj/courses/discrete-math/topics/images 100ndfsa7.gif
2009.08.17 13:35 B D:\akinito\web_server\ojj\courses\discrete-math\topics\images\100notation.gif <-- pslv /lv-web/ojj/courses/discrete-math/topics/images 100notation.gif
2009.08.17 13:35 B D:\akinito\web_server\ojj\courses\discrete-math\topics\images\100partition.gif <-- pslv /lv-web/ojj/courses/discrete-math/topics/images 100partition.gif
2009.08.17 13:35 B D:\akinito\web_server\ojj\courses\discrete-math\topics\images\100postfix-eval01.gif <-- pslv /lv-web/ojj/courses/discrete-math/topics/images 100postfix-eval01.gif
2009.08.17 13:35 B D:\akinito\web_server\ojj\courses\discrete-math\topics\images\100postfix-eval02.gif <-- pslv /lv-web/ojj/courses/discrete-math/topics/images 100postfix-eval02.gif
2009.08.17 13:35 B D:\akinito\web_server\ojj\courses\discrete-math\topics\images\100postfix-eval03.gif <-- pslv /lv-web/ojj/courses/discrete-math/topics/images 100postfix-eval03.gif
2009.08.17 13:35 B D:\akinito\web_server\ojj\courses\discrete-math\topics\images\100postfix-eval04.gif <-- pslv /lv-web/ojj/courses/discrete-math/topics/images 100postfix-eval04.gif
2009.08.17 13:35 B D:\akinito\web_server\ojj\courses\discrete-math\topics\images\100postfix-eval05.gif <-- pslv /lv-web/ojj/courses/discrete-math/topics/images 100postfix-eval05.gif
2009.08.17 13:35 B D:\akinito\web_server\ojj\courses\discrete-math\topics\images\100postfix-eval06.gif <-- pslv /lv-web/ojj/courses/discrete-math/topics/images 100postfix-eval06.gif
2009.08.17 13:35 B D:\akinito\web_server\ojj\courses\discrete-math\topics\images\100postfix-eval07.gif <-- pslv /lv-web/ojj/courses/discrete-math/topics/images 100postfix-eval07.gif
2009.08.17 13:35 B D:\akinito\web_server\ojj\courses\discrete-math\topics\images\100postfix-eval08.gif <-- pslv /lv-web/ojj/courses/discrete-math/topics/images 100postfix-eval08.gif
2009.08.17 13:35 B D:\akinito\web_server\ojj\courses\discrete-math\topics\images\100postfix-eval09.gif <-- pslv /lv-web/ojj/courses/discrete-math/topics/images 100postfix-eval09.gif
2009.08.17 13:35 B D:\akinito\web_server\ojj\courses\discrete-math\topics\images\100postfix-eval10.gif <-- pslv /lv-web/ojj/courses/discrete-math/topics/images 100postfix-eval10.gif
2009.08.17 13:35 B D:\akinito\web_server\ojj\courses\discrete-math\topics\images\100postfix-eval11.gif <-- pslv /lv-web/ojj/courses/discrete-math/topics/images 100postfix-eval11.gif
2009.08.17 13:35 B D:\akinito\web_server\ojj\courses\discrete-math\topics\images\100postfix-eval12.gif <-- pslv /lv-web/ojj/courses/discrete-math/topics/images 100postfix-eval12.gif
2009.08.17 13:35 B D:\akinito\web_server\ojj\courses\discrete-math\topics\images\100postfix-eval13.gif <-- pslv /lv-web/ojj/courses/discrete-math/topics/images 100postfix-eval13.gif
2009.08.17 13:35 B D:\akinito\web_server\ojj\courses\discrete-math\topics\images\100postfix-eval14.gif <-- pslv /lv-web/ojj/courses/discrete-math/topics/images 100postfix-eval14.gif
2009.08.17 13:35 B D:\akinito\web_server\ojj\courses\discrete-math\topics\images\100postorder1.gif <-- pslv /lv-web/ojj/courses/discrete-math/topics/images 100postorder1.gif
2009.08.17 13:35 B D:\akinito\web_server\ojj\courses\discrete-math\topics\images\100postorder2.gif <-- pslv /lv-web/ojj/courses/discrete-math/topics/images 100postorder2.gif
2009.08.17 13:35 B D:\akinito\web_server\ojj\courses\discrete-math\topics\images\100prefix-eval01.gif <-- pslv /lv-web/ojj/courses/discrete-math/topics/images 100prefix-eval01.gif
2009.08.17 13:35 B D:\akinito\web_server\ojj\courses\discrete-math\topics\images\100prefix-eval02.gif <-- pslv /lv-web/ojj/courses/discrete-math/topics/images 100prefix-eval02.gif
2009.08.17 13:35 B D:\akinito\web_server\ojj\courses\discrete-math\topics\images\100prefix-eval03.gif <-- pslv /lv-web/ojj/courses/discrete-math/topics/images 100prefix-eval03.gif
2009.08.17 13:35 B D:\akinito\web_server\ojj\courses\discrete-math\topics\images\100prefix-eval04.gif <-- pslv /lv-web/ojj/courses/discrete-math/topics/images 100prefix-eval04.gif
2009.08.17 13:35 B D:\akinito\web_server\ojj\courses\discrete-math\topics\images\100prefix-eval05.gif <-- pslv /lv-web/ojj/courses/discrete-math/topics/images 100prefix-eval05.gif
2009.08.17 13:35 B D:\akinito\web_server\ojj\courses\discrete-math\topics\images\100prefix-eval06.gif <-- pslv /lv-web/ojj/courses/discrete-math/topics/images 100prefix-eval06.gif
2009.08.17 13:35 B D:\akinito\web_server\ojj\courses\discrete-math\topics\images\100prefix-eval07.gif <-- pslv /lv-web/ojj/courses/discrete-math/topics/images 100prefix-eval07.gif
2009.08.17 13:35 B D:\akinito\web_server\ojj\courses\discrete-math\topics\images\100prefix-eval08.gif <-- pslv /lv-web/ojj/courses/discrete-math/topics/images 100prefix-eval08.gif
2009.08.17 13:35 B D:\akinito\web_server\ojj\courses\discrete-math\topics\images\100prefix-eval09.gif <-- pslv /lv-web/ojj/courses/discrete-math/topics/images 100prefix-eval09.gif
2009.08.17 13:35 B D:\akinito\web_server\ojj\courses\discrete-math\topics\images\100prefix-eval10.gif <-- pslv /lv-web/ojj/courses/discrete-math/topics/images 100prefix-eval10.gif
2009.08.17 13:35 B D:\akinito\web_server\ojj\courses\discrete-math\topics\images\100prefix-eval11.gif <-- pslv /lv-web/ojj/courses/discrete-math/topics/images 100prefix-eval11.gif
2009.08.17 13:35 B D:\akinito\web_server\ojj\courses\discrete-math\topics\images\100prefix-eval12.gif <-- pslv /lv-web/ojj/courses/discrete-math/topics/images 100prefix-eval12.gif
2009.08.17 13:35 B D:\akinito\web_server\ojj\courses\discrete-math\topics\images\100prefix-eval13.gif <-- pslv /lv-web/ojj/courses/discrete-math/topics/images 100prefix-eval13.gif
2009.08.17 13:35 B D:\akinito\web_server\ojj\courses\discrete-math\topics\images\100prefix-eval14.gif <-- pslv /lv-web/ojj/courses/discrete-math/topics/images 100prefix-eval14.gif
2009.08.17 13:35 B D:\akinito\web_server\ojj\courses\discrete-math\topics\images\100prefix-eval15.gif <-- pslv /lv-web/ojj/courses/discrete-math/topics/images 100prefix-eval15.gif
2009.08.17 13:35 B D:\akinito\web_server\ojj\courses\discrete-math\topics\images\100prefix-eval16.gif <-- pslv /lv-web/ojj/courses/discrete-math/topics/images 100prefix-eval16.gif
2009.08.17 13:35 B D:\akinito\web_server\ojj\courses\discrete-math\topics\images\100prefix-eval17.gif <-- pslv /lv-web/ojj/courses/discrete-math/topics/images 100prefix-eval17.gif
2009.08.17 13:35 B D:\akinito\web_server\ojj\courses\discrete-math\topics\images\100prefix-eval18.gif <-- pslv /lv-web/ojj/courses/discrete-math/topics/images 100prefix-eval18.gif
2009.08.17 13:35 B D:\akinito\web_server\ojj\courses\discrete-math\topics\images\100prefix-eval19.gif <-- pslv /lv-web/ojj/courses/discrete-math/topics/images 100prefix-eval19.gif
2009.08.17 13:35 B D:\akinito\web_server\ojj\courses\discrete-math\topics\images\100preorder1.gif <-- pslv /lv-web/ojj/courses/discrete-math/topics/images 100preorder1.gif
2009.08.17 13:35 B D:\akinito\web_server\ojj\courses\discrete-math\topics\images\100preorder2.gif <-- pslv /lv-web/ojj/courses/discrete-math/topics/images 100preorder2.gif
2009.08.17 13:35 B D:\akinito\web_server\ojj\courses\discrete-math\topics\images\100pseudograph.gif <-- pslv /lv-web/ojj/courses/discrete-math/topics/images 100pseudograph.gif
2009.08.17 13:35 B D:\akinito\web_server\ojj\courses\discrete-math\topics\images\100q1q2.gif <-- pslv /lv-web/ojj/courses/discrete-math/topics/images 100q1q2.gif
2009.08.17 13:35 B D:\akinito\web_server\ojj\courses\discrete-math\topics\images\100q3.gif <-- pslv /lv-web/ojj/courses/discrete-math/topics/images 100q3.gif
2009.08.17 13:35 B D:\akinito\web_server\ojj\courses\discrete-math\topics\images\100q4.gif <-- pslv /lv-web/ojj/courses/discrete-math/topics/images 100q4.gif
2009.08.17 13:35 B D:\akinito\web_server\ojj\courses\discrete-math\topics\images\100q4b.gif <-- pslv /lv-web/ojj/courses/discrete-math/topics/images 100q4b.gif
2009.08.17 13:35 B D:\akinito\web_server\ojj\courses\discrete-math\topics\images\100rebal-ll.gif <-- pslv /lv-web/ojj/courses/discrete-math/topics/images 100rebal-ll.gif
2009.08.17 13:35 B D:\akinito\web_server\ojj\courses\discrete-math\topics\images\100rebal-lr.gif <-- pslv /lv-web/ojj/courses/discrete-math/topics/images 100rebal-lr.gif
2009.08.17 13:35 B D:\akinito\web_server\ojj\courses\discrete-math\topics\images\100rebal-rl.gif <-- pslv /lv-web/ojj/courses/discrete-math/topics/images 100rebal-rl.gif
2009.08.17 13:35 B D:\akinito\web_server\ojj\courses\discrete-math\topics\images\100rebal-rr.gif <-- pslv /lv-web/ojj/courses/discrete-math/topics/images 100rebal-rr.gif
2009.08.17 13:35 B D:\akinito\web_server\ojj\courses\discrete-math\topics\images\100reflexive.gif <-- pslv /lv-web/ojj/courses/discrete-math/topics/images 100reflexive.gif
2009.08.17 13:35 B D:\akinito\web_server\ojj\courses\discrete-math\topics\images\100regions.gif <-- pslv /lv-web/ojj/courses/discrete-math/topics/images 100regions.gif
2009.08.17 13:35 B D:\akinito\web_server\ojj\courses\discrete-math\topics\images\100relation.gif <-- pslv /lv-web/ojj/courses/discrete-math/topics/images 100relation.gif
2009.08.17 13:35 B D:\akinito\web_server\ojj\courses\discrete-math\topics\images\100rl.gif <-- pslv /lv-web/ojj/courses/discrete-math/topics/images 100rl.gif
2009.08.17 13:35 B D:\akinito\web_server\ojj\courses\discrete-math\topics\images\100rr.gif <-- pslv /lv-web/ojj/courses/discrete-math/topics/images 100rr.gif
2009.08.17 13:35 B D:\akinito\web_server\ojj\courses\discrete-math\topics\images\100set.gif <-- pslv /lv-web/ojj/courses/discrete-math/topics/images 100set.gif
2009.08.17 13:35 B D:\akinito\web_server\ojj\courses\discrete-math\topics\images\100stargraph.gif <-- pslv /lv-web/ojj/courses/discrete-math/topics/images 100stargraph.gif
2009.08.17 13:35 B D:\akinito\web_server\ojj\courses\discrete-math\topics\images\100string-concatenate.gif <-- pslv /lv-web/ojj/courses/discrete-math/topics/images 100string-concatenate.gif
2009.08.17 13:35 B D:\akinito\web_server\ojj\courses\discrete-math\topics\images\100string-star.gif <-- pslv /lv-web/ojj/courses/discrete-math/topics/images 100string-star.gif
2009.08.17 13:35 B D:\akinito\web_server\ojj\courses\discrete-math\topics\images\100string-union.gif <-- pslv /lv-web/ojj/courses/discrete-math/topics/images 100string-union.gif
2009.08.17 13:35 B D:\akinito\web_server\ojj\courses\discrete-math\topics\images\100string.gif <-- pslv /lv-web/ojj/courses/discrete-math/topics/images 100string.gif
2009.08.17 13:35 B D:\akinito\web_server\ojj\courses\discrete-math\topics\images\100subgraph.gif <-- pslv /lv-web/ojj/courses/discrete-math/topics/images 100subgraph.gif
2009.08.17 13:35 B D:\akinito\web_server\ojj\courses\discrete-math\topics\images\100subset.gif <-- pslv /lv-web/ojj/courses/discrete-math/topics/images 100subset.gif
2009.08.17 13:35 B D:\akinito\web_server\ojj\courses\discrete-math\topics\images\100surjection.gif <-- pslv /lv-web/ojj/courses/discrete-math/topics/images 100surjection.gif
2009.08.17 13:35 B D:\akinito\web_server\ojj\courses\discrete-math\topics\images\100symmetric-difference.gif <-- pslv /lv-web/ojj/courses/discrete-math/topics/images 100symmetric-difference.gif
2009.08.17 13:35 B D:\akinito\web_server\ojj\courses\discrete-math\topics\images\100symmetric.gif <-- pslv /lv-web/ojj/courses/discrete-math/topics/images 100symmetric.gif
2009.08.17 13:35 B D:\akinito\web_server\ojj\courses\discrete-math\topics\images\100topological1.gif <-- pslv /lv-web/ojj/courses/discrete-math/topics/images 100topological1.gif
2009.08.17 13:35 B D:\akinito\web_server\ojj\courses\discrete-math\topics\images\100topological2.gif <-- pslv /lv-web/ojj/courses/discrete-math/topics/images 100topological2.gif
2009.08.17 13:35 B D:\akinito\web_server\ojj\courses\discrete-math\topics\images\100topological3.gif <-- pslv /lv-web/ojj/courses/discrete-math/topics/images 100topological3.gif
2009.08.17 13:35 B D:\akinito\web_server\ojj\courses\discrete-math\topics\images\100topological4.gif <-- pslv /lv-web/ojj/courses/discrete-math/topics/images 100topological4.gif
2009.08.17 13:35 B D:\akinito\web_server\ojj\courses\discrete-math\topics\images\100topological5.gif <-- pslv /lv-web/ojj/courses/discrete-math/topics/images 100topological5.gif
2009.08.17 13:35 B D:\akinito\web_server\ojj\courses\discrete-math\topics\images\100topological6.gif <-- pslv /lv-web/ojj/courses/discrete-math/topics/images 100topological6.gif
2009.08.17 13:35 B D:\akinito\web_server\ojj\courses\discrete-math\topics\images\100topological7.gif <-- pslv /lv-web/ojj/courses/discrete-math/topics/images 100topological7.gif
2009.08.17 13:35 B D:\akinito\web_server\ojj\courses\discrete-math\topics\images\100transitive.gif <-- pslv /lv-web/ojj/courses/discrete-math/topics/images 100transitive.gif
2009.08.17 13:35 B D:\akinito\web_server\ojj\courses\discrete-math\topics\images\100trapezoid.gif <-- pslv /lv-web/ojj/courses/discrete-math/topics/images 100trapezoid.gif
2009.08.17 13:35 B D:\akinito\web_server\ojj\courses\discrete-math\topics\images\100traversal.gif <-- pslv /lv-web/ojj/courses/discrete-math/topics/images 100traversal.gif
2009.08.17 13:35 B D:\akinito\web_server\ojj\courses\discrete-math\topics\images\100tree-relns.gif <-- pslv /lv-web/ojj/courses/discrete-math/topics/images 100tree-relns.gif
2009.08.17 13:35 B D:\akinito\web_server\ojj\courses\discrete-math\topics\images\100treesort1.gif <-- pslv /lv-web/ojj/courses/discrete-math/topics/images 100treesort1.gif
2009.08.17 13:35 B D:\akinito\web_server\ojj\courses\discrete-math\topics\images\100treesort2.gif <-- pslv /lv-web/ojj/courses/discrete-math/topics/images 100treesort2.gif
2009.08.17 13:35 B D:\akinito\web_server\ojj\courses\discrete-math\topics\images\100treesort3.gif <-- pslv /lv-web/ojj/courses/discrete-math/topics/images 100treesort3.gif
2009.08.17 13:35 B D:\akinito\web_server\ojj\courses\discrete-math\topics\images\100treesort4.gif <-- pslv /lv-web/ojj/courses/discrete-math/topics/images 100treesort4.gif
2009.08.17 13:35 B D:\akinito\web_server\ojj\courses\discrete-math\topics\images\100treesort5.gif <-- pslv /lv-web/ojj/courses/discrete-math/topics/images 100treesort5.gif
2009.08.17 13:35 B D:\akinito\web_server\ojj\courses\discrete-math\topics\images\100treesort6.gif <-- pslv /lv-web/ojj/courses/discrete-math/topics/images 100treesort6.gif
2009.08.17 13:35 B D:\akinito\web_server\ojj\courses\discrete-math\topics\images\100treesort7.gif <-- pslv /lv-web/ojj/courses/discrete-math/topics/images 100treesort7.gif
2009.08.17 13:35 B D:\akinito\web_server\ojj\courses\discrete-math\topics\images\100turing.gif <-- pslv /lv-web/ojj/courses/discrete-math/topics/images 100turing.gif
2009.08.17 13:35 B D:\akinito\web_server\ojj\courses\discrete-math\topics\images\100union.gif <-- pslv /lv-web/ojj/courses/discrete-math/topics/images 100union.gif
2009.08.17 13:35 B D:\akinito\web_server\ojj\courses\discrete-math\topics\images\100univ-addr-sys.gif <-- pslv /lv-web/ojj/courses/discrete-math/topics/images 100univ-addr-sys.gif
2009.08.17 13:35 B D:\akinito\web_server\ojj\courses\discrete-math\topics\images\100w3w4.gif <-- pslv /lv-web/ojj/courses/discrete-math/topics/images 100w3w4.gif
2009.08.17 13:35 B D:\akinito\web_server\ojj\courses\discrete-math\topics\images\100w5.gif <-- pslv /lv-web/ojj/courses/discrete-math/topics/images 100w5.gif
2009.08.17 13:35 B D:\akinito\web_server\ojj\courses\discrete-math\topics\images\100w6.gif <-- pslv /lv-web/ojj/courses/discrete-math/topics/images 100w6.gif
2009.08.17 13:35 B D:\akinito\web_server\ojj\courses\discrete-math\topics\images\100weighted.gif <-- pslv /lv-web/ojj/courses/discrete-math/topics/images 100weighted.gif
2009.08.17 13:35 B D:\akinito\web_server\ojj\courses\discrete-math\topics\images\100weighted1.gif <-- pslv /lv-web/ojj/courses/discrete-math/topics/images 100weighted1.gif
2009.08.17 13:35 B D:\akinito\web_server\ojj\courses\discrete-math\topics\images\100weighted2.gif <-- pslv /lv-web/ojj/courses/discrete-math/topics/images 100weighted2.gif
2009.08.17 13:35 B D:\akinito\web_server\ojj\courses\discrete-math\topics\images\100weighted3.gif <-- pslv /lv-web/ojj/courses/discrete-math/topics/images 100weighted3.gif
2009.08.17 13:35 B D:\akinito\web_server\ojj\courses\discrete-math\topics\images\100weighted4.gif <-- pslv /lv-web/ojj/courses/discrete-math/topics/images 100weighted4.gif
2009.08.17 13:35 B D:\akinito\web_server\ojj\courses\discrete-math\topics\images\100weighted5.gif <-- pslv /lv-web/ojj/courses/discrete-math/topics/images 100weighted5.gif
2009.08.17 13:35 B D:\akinito\web_server\ojj\courses\discrete-math\topics\images\100weighted6.gif <-- pslv /lv-web/ojj/courses/discrete-math/topics/images 100weighted6.gif
2009.08.17 13:35 B D:\akinito\web_server\ojj\courses\discrete-math\topics\images\100weighted7.gif <-- pslv /lv-web/ojj/courses/discrete-math/topics/images 100weighted7.gif
2009.08.17 13:35 B D:\akinito\web_server\ojj\courses\discrete-math\topics\images\100weighted8.gif <-- pslv /lv-web/ojj/courses/discrete-math/topics/images 100weighted8.gif
2009.08.17 13:35 B D:\akinito\web_server\ojj\courses\discrete-math\topics\images\growth-fn.jpg <-- pslv /lv-web/ojj/courses/discrete-math/topics/images growth-fn.jpg
2009.08.17 13:35 B D:\akinito\web_server\ojj\courses\discrete-math\topics\images\growth-fn0.jpg <-- pslv /lv-web/ojj/courses/discrete-math/topics/images growth-fn0.jpg
2009.08.17 13:35 B D:\akinito\web_server\ojj\courses\discrete-math\topics\images\summation.jpg <-- pslv /lv-web/ojj/courses/discrete-math/topics/images summation.jpg
